<?xml version='1.0' encoding='UTF-8'?>
<testsuite hostname="Indar" name="rx.BasicTests" tests="20" errors="0" failures="0" time="0.0">
                     <properties>
[...]
</properties>
                     <testcase classname="rx.BasicTests" name="" time="0.0">
                                                 
                                               </testcase><testcase classname="rx.BasicTests" name="" time="0.0">
                                                 
                                               </testcase><testcase classname="rx.BasicTests" name="" time="0.0">
                                                 
                                               </testcase><testcase classname="rx.BasicTests" name="" time="0.0">
                                                 
                                               </testcase><testcase classname="rx.BasicTests" name="" time="0.0">
                                                 
                                               </testcase><testcase classname="rx.BasicTests" name="" time="0.0">
                                                 
                                               </testcase><testcase classname="rx.BasicTests" name="" time="0.0">
                                                 
                                               </testcase><testcase classname="rx.BasicTests" name="" time="0.0">
                                                 
                                               </testcase><testcase classname="rx.BasicTests" name="" time="0.0">
                                                 
                                               </testcase><testcase classname="rx.BasicTests" name="" time="0.0">
                                                 
                                               </testcase><testcase classname="rx.BasicTests" name="" time="0.0">
                                                 
                                               </testcase><testcase classname="rx.BasicTests" name="" time="0.0">
                                                 
                                               </testcase><testcase classname="rx.BasicTests" name="" time="0.0">
                                                 
                                               </testcase><testcase classname="rx.BasicTests" name="" time="0.0">
                                                 
                                               </testcase><testcase classname="rx.BasicTests" name="" time="0.0">
                                                 
                                               </testcase><testcase classname="rx.BasicTests" name="" time="0.0">
                                                 
                                               </testcase><testcase classname="rx.BasicTests" name="" time="0.0">
                                                 
                                               </testcase><testcase classname="rx.BasicTests" name="" time="0.0">
                                                 
                                               </testcase><testcase classname="rx.BasicTests" name="" time="0.0">
                                                 
                                               </testcase><testcase classname="rx.BasicTests" name="" time="0.0">
                                                 
                                               </testcase>
                     <system-out></system-out>
                     <system-err></system-err>
                   </testsuite>